========================================
Time   : 2026-04-19 17:23:44.800 +07:00
Source : DispatcherUnhandledException
Type   : System.InvalidOperationException
Error  : The calling thread cannot access this object because a different thread owns it.
Stack  :
   at System.Windows.Threading.Dispatcher.<VerifyAccess>g__ThrowVerifyAccess|7_0()
   at System.Windows.DependencyObject.GetValue(DependencyProperty dp)
   at System.Windows.Controls.Primitives.ButtonBase.get_Command()
   at System.Windows.Controls.Primitives.ButtonBase.UpdateCanExecute()
   at Battleship2D.Presentation.Commands.AsyncRelayCommand.NotifyCanExecuteChanged() in D:\C_Project\Battleship 2d game\SpaceShip-war\Source\Presentation\Commands\AsyncRelayCommand.cs:line 70
   at Battleship2D.Presentation.Commands.AsyncRelayCommand.Execute(Object parameter) in D:\C_Project\Battleship 2d game\SpaceShip-war\Source\Presentation\Commands\AsyncRelayCommand.cs:line 63
   at System.Threading.Tasks.Task.<>c.<ThrowAsync>b__128_0(Object state)
   at System.Windows.Threading.ExceptionWrapper.InternalRealCall(Delegate callback, Object args, Int32 numArgs)
   at System.Windows.Threading.ExceptionWrapper.TryCatchWhen(Object source, Delegate callback, Object args, Int32 numArgs, Delegate catchHandler)

========================================
Time   : 2026-04-19 17:23:44.819 +07:00
Source : DispatcherUnhandledException
Type   : System.InvalidOperationException
Error  : The calling thread cannot access this object because a different thread owns it.
Stack  :
   at System.Windows.Threading.Dispatcher.<VerifyAccess>g__ThrowVerifyAccess|7_0()
   at System.Windows.DependencyObject.GetValue(DependencyProperty dp)
   at System.Windows.Controls.Primitives.ButtonBase.get_Command()
   at System.Windows.Controls.Primitives.ButtonBase.UpdateCanExecute()
   at Battleship2D.Presentation.Commands.AsyncRelayCommand.NotifyCanExecuteChanged() in D:\C_Project\Battleship 2d game\SpaceShip-war\Source\Presentation\Commands\AsyncRelayCommand.cs:line 70
   at Battleship2D.Presentation.Commands.AsyncRelayCommand.Execute(Object parameter) in D:\C_Project\Battleship 2d game\SpaceShip-war\Source\Presentation\Commands\AsyncRelayCommand.cs:line 63
   at System.Threading.Tasks.Task.<>c.<ThrowAsync>b__128_0(Object state)
   at System.Windows.Threading.ExceptionWrapper.InternalRealCall(Delegate callback, Object args, Int32 numArgs)
   at System.Windows.Threading.ExceptionWrapper.TryCatchWhen(Object source, Delegate callback, Object args, Int32 numArgs, Delegate catchHandler)

========================================
Time   : 2026-04-19 17:24:38.474 +07:00
Source : DispatcherUnhandledException
Type   : System.InvalidOperationException
Error  : The calling thread cannot access this object because a different thread owns it.
Stack  :
   at System.Windows.Threading.Dispatcher.<VerifyAccess>g__ThrowVerifyAccess|7_0()
   at System.Windows.DependencyObject.GetValue(DependencyProperty dp)
   at System.Windows.Controls.Primitives.ButtonBase.get_Command()
   at System.Windows.Controls.Primitives.ButtonBase.UpdateCanExecute()
   at Battleship2D.Presentation.Commands.AsyncRelayCommand.NotifyCanExecuteChanged() in D:\C_Project\Battleship 2d game\SpaceShip-war\Source\Presentation\Commands\AsyncRelayCommand.cs:line 70
   at Battleship2D.Presentation.Commands.AsyncRelayCommand.Execute(Object parameter) in D:\C_Project\Battleship 2d game\SpaceShip-war\Source\Presentation\Commands\AsyncRelayCommand.cs:line 63
   at System.Threading.Tasks.Task.<>c.<ThrowAsync>b__128_0(Object state)
   at System.Windows.Threading.ExceptionWrapper.InternalRealCall(Delegate callback, Object args, Int32 numArgs)
   at System.Windows.Threading.ExceptionWrapper.TryCatchWhen(Object source, Delegate callback, Object args, Int32 numArgs, Delegate catchHandler)

========================================
Time   : 2026-04-19 17:27:03.494 +07:00
Source : TaskSchedulerUnobservedTaskException
Type   : System.AggregateException
Error  : A Task's exception(s) were not observed either by Waiting on the Task or accessing its Exception property. As a result, the unobserved exception was rethrown by the finalizer thread. (Unable to read data from the transport connection: The I/O operation has been aborted because of either a thread exit or an application request..)
Stack  :
<no stack trace>

========================================
Time   : 2026-04-19 17:27:11.908 +07:00
Source : TaskSchedulerUnobservedTaskException
Type   : System.AggregateException
Error  : A Task's exception(s) were not observed either by Waiting on the Task or accessing its Exception property. As a result, the unobserved exception was rethrown by the finalizer thread. (The I/O operation has been aborted because of either a thread exit or an application request.)
Stack  :
<no stack trace>

========================================
Time   : 2026-04-19 17:27:11.917 +07:00
Source : TaskSchedulerUnobservedTaskException
Type   : System.AggregateException
Error  : A Task's exception(s) were not observed either by Waiting on the Task or accessing its Exception property. As a result, the unobserved exception was rethrown by the finalizer thread. (Unable to read data from the transport connection: An existing connection was forcibly closed by the remote host..)
Stack  :
<no stack trace>

